{"C:\\Users\\kumankur\\Desktop\\projects\\rickyandmortyvue\\src\\main.js": {"path":"C:\\Users\\kumankur\\Desktop\\projects\\rickyandmortyvue\\src\\main.js","statementMap":{"0":{"start":{"line":6,"column":24},"end":{"line":6,"column":33}},"1":{"start":{"line":7,"column":0},"end":{"line":7,"column":21}},"2":{"start":{"line":9,"column":0},"end":{"line":9,"column":24}},"3":{"start":{"line":11,"column":12},"end":{"line":11,"column":56}},"4":{"start":{"line":13,"column":0},"end":{"line":13,"column":28}},"5":{"start":{"line":15,"column":0},"end":{"line":19,"column":2}},"6":{"start":{"line":18,"column":15},"end":{"line":18,"column":21}}},"fnMap":{"0":{"name":"(anonymous_0)","decl":{"start":{"line":18,"column":10},"end":{"line":18,"column":11}},"loc":{"start":{"line":18,"column":15},"end":{"line":18,"column":21}},"line":18}},"branchMap":{},"s":{"0":6,"1":6,"2":6,"3":6,"4":6,"5":6,"6":6},"f":{"0":6},"b":{},"_coverageSchema":"1a1c01bbd47fc00a2c39e90264f33305004495a9","hash":"8d6189fabd84d66f85387db85ae80d786a87f064"}
,"C:\\Users\\kumankur\\Desktop\\projects\\rickyandmortyvue\\src\\App\\App.vue": {"path":"C:\\Users\\kumankur\\Desktop\\projects\\rickyandmortyvue\\src\\App\\App.vue","statementMap":{"0":{"start":{"line":26,"column":0},"end":{"line":26,"column":null}},"1":{"start":{"line":27,"column":0},"end":{"line":27,"column":null}},"2":{"start":{"line":28,"column":0},"end":{"line":28,"column":null}},"3":{"start":{"line":29,"column":0},"end":{"line":29,"column":null}},"4":{"start":{"line":30,"column":0},"end":{"line":30,"column":null}},"5":{"start":{"line":31,"column":0},"end":{"line":31,"column":null}},"6":{"start":{"line":34,"column":0},"end":{"line":34,"column":null}},"7":{"start":{"line":51,"column":0},"end":{"line":57,"column":null}},"8":{"start":{"line":54,"column":0},"end":{"line":54,"column":null}},"9":{"start":{"line":60,"column":0},"end":{"line":60,"column":null}},"10":{"start":{"line":63,"column":0},"end":{"line":67,"column":null}},"11":{"start":{"line":66,"column":0},"end":{"line":66,"column":null}},"12":{"start":{"line":69,"column":0},"end":{"line":69,"column":null}},"13":{"start":{"line":76,"column":0},"end":{"line":80,"column":null}},"14":{"start":{"line":79,"column":0},"end":{"line":79,"column":null}},"15":{"start":{"line":83,"column":0},"end":{"line":83,"column":null}},"16":{"start":{"line":86,"column":0},"end":{"line":90,"column":null}},"17":{"start":{"line":89,"column":0},"end":{"line":89,"column":null}},"18":{"start":{"line":92,"column":0},"end":{"line":92,"column":null}},"19":{"start":{"line":97,"column":0},"end":{"line":97,"column":null}},"20":{"start":{"line":100,"column":0},"end":{"line":100,"column":null}},"21":{"start":{"line":103,"column":0},"end":{"line":103,"column":null}},"22":{"start":{"line":106,"column":0},"end":{"line":106,"column":null}},"23":{"start":{"line":110,"column":0},"end":{"line":110,"column":null}},"24":{"start":{"line":115,"column":0},"end":{"line":115,"column":null}},"25":{"start":{"line":119,"column":0},"end":{"line":126,"column":null}},"26":{"start":{"line":119,"column":0},"end":{"line":119,"column":null}},"27":{"start":{"line":123,"column":0},"end":{"line":125,"column":null}},"28":{"start":{"line":124,"column":0},"end":{"line":124,"column":null}},"29":{"start":{"line":128,"column":0},"end":{"line":130,"column":null}},"30":{"start":{"line":129,"column":0},"end":{"line":129,"column":null}},"31":{"start":{"line":131,"column":0},"end":{"line":134,"column":null}},"32":{"start":{"line":132,"column":0},"end":{"line":132,"column":null}},"33":{"start":{"line":133,"column":0},"end":{"line":133,"column":null}},"34":{"start":{"line":135,"column":0},"end":{"line":138,"column":null}},"35":{"start":{"line":136,"column":0},"end":{"line":136,"column":null}},"36":{"start":{"line":137,"column":0},"end":{"line":137,"column":null}}},"fnMap":{"0":{"name":"(anonymous_5)","decl":{"start":{"line":33,"column":0},"end":{"line":33,"column":null}},"loc":{"start":{"line":33,"column":0},"end":{"line":42,"column":null}}},"1":{"name":"(anonymous_6)","decl":{"start":{"line":50,"column":0},"end":{"line":50,"column":null}},"loc":{"start":{"line":50,"column":0},"end":{"line":61,"column":null}}},"2":{"name":"(anonymous_7)","decl":{"start":{"line":51,"column":0},"end":{"line":51,"column":null}},"loc":{"start":{"line":51,"column":0},"end":{"line":57,"column":null}}},"3":{"name":"(anonymous_8)","decl":{"start":{"line":62,"column":0},"end":{"line":62,"column":null}},"loc":{"start":{"line":62,"column":0},"end":{"line":73,"column":null}}},"4":{"name":"(anonymous_9)","decl":{"start":{"line":63,"column":0},"end":{"line":63,"column":null}},"loc":{"start":{"line":63,"column":0},"end":{"line":67,"column":null}}},"5":{"name":"(anonymous_10)","decl":{"start":{"line":75,"column":0},"end":{"line":75,"column":null}},"loc":{"start":{"line":75,"column":0},"end":{"line":84,"column":null}}},"6":{"name":"(anonymous_11)","decl":{"start":{"line":76,"column":0},"end":{"line":76,"column":null}},"loc":{"start":{"line":76,"column":0},"end":{"line":80,"column":null}}},"7":{"name":"(anonymous_12)","decl":{"start":{"line":85,"column":0},"end":{"line":85,"column":null}},"loc":{"start":{"line":85,"column":0},"end":{"line":93,"column":null}}},"8":{"name":"(anonymous_13)","decl":{"start":{"line":86,"column":0},"end":{"line":86,"column":null}},"loc":{"start":{"line":86,"column":0},"end":{"line":90,"column":null}}},"9":{"name":"(anonymous_14)","decl":{"start":{"line":96,"column":0},"end":{"line":96,"column":null}},"loc":{"start":{"line":96,"column":0},"end":{"line":98,"column":null}}},"10":{"name":"(anonymous_15)","decl":{"start":{"line":99,"column":0},"end":{"line":99,"column":null}},"loc":{"start":{"line":99,"column":0},"end":{"line":101,"column":null}}},"11":{"name":"(anonymous_16)","decl":{"start":{"line":102,"column":0},"end":{"line":102,"column":null}},"loc":{"start":{"line":102,"column":0},"end":{"line":104,"column":null}}},"12":{"name":"(anonymous_17)","decl":{"start":{"line":105,"column":0},"end":{"line":105,"column":null}},"loc":{"start":{"line":105,"column":0},"end":{"line":111,"column":null}}},"13":{"name":"(anonymous_18)","decl":{"start":{"line":114,"column":0},"end":{"line":114,"column":null}},"loc":{"start":{"line":114,"column":0},"end":{"line":116,"column":null}}},"14":{"name":"(anonymous_19)","decl":{"start":{"line":118,"column":0},"end":{"line":118,"column":null}},"loc":{"start":{"line":118,"column":0},"end":{"line":139,"column":null}}},"15":{"name":"(anonymous_20)","decl":{"start":{"line":119,"column":0},"end":{"line":119,"column":null}},"loc":{"start":{"line":119,"column":0},"end":{"line":119,"column":null}}},"16":{"name":"(anonymous_22)","decl":{"start":{"line":123,"column":0},"end":{"line":123,"column":null}},"loc":{"start":{"line":123,"column":0},"end":{"line":125,"column":null}}},"17":{"name":"(anonymous_23)","decl":{"start":{"line":128,"column":0},"end":{"line":128,"column":null}},"loc":{"start":{"line":128,"column":0},"end":{"line":130,"column":null}}},"18":{"name":"(anonymous_24)","decl":{"start":{"line":131,"column":0},"end":{"line":131,"column":null}},"loc":{"start":{"line":131,"column":0},"end":{"line":134,"column":null}}},"19":{"name":"(anonymous_25)","decl":{"start":{"line":135,"column":0},"end":{"line":135,"column":null}},"loc":{"start":{"line":135,"column":0},"end":{"line":138,"column":null}}}},"branchMap":{"0":{"loc":{"start":{"line":51,"column":0},"end":{"line":57,"column":null}},"type":"cond-expr","locations":[{"start":{"line":51,"column":0},"end":{"line":57,"column":null}},{"start":{"line":57,"column":0},"end":{"line":57,"column":null}}]},"1":{"loc":{"start":{"line":63,"column":0},"end":{"line":67,"column":null}},"type":"cond-expr","locations":[{"start":{"line":63,"column":0},"end":{"line":67,"column":null}},{"start":{"line":67,"column":0},"end":{"line":67,"column":null}}]},"2":{"loc":{"start":{"line":76,"column":0},"end":{"line":80,"column":null}},"type":"cond-expr","locations":[{"start":{"line":76,"column":0},"end":{"line":80,"column":null}},{"start":{"line":80,"column":0},"end":{"line":80,"column":null}}]},"3":{"loc":{"start":{"line":86,"column":0},"end":{"line":90,"column":null}},"type":"cond-expr","locations":[{"start":{"line":86,"column":0},"end":{"line":90,"column":null}},{"start":{"line":90,"column":0},"end":{"line":90,"column":null}}]}},"s":{"0":6,"1":6,"2":6,"3":6,"4":6,"5":6,"6":16,"7":22,"8":1,"9":22,"10":21,"11":1,"12":21,"13":20,"14":3,"15":20,"16":19,"17":3,"18":19,"19":16,"20":16,"21":1,"22":18,"23":18,"24":4,"25":16,"26":0,"27":0,"28":0,"29":16,"30":1,"31":16,"32":0,"33":0,"34":16,"35":0,"36":0},"f":{"0":16,"1":22,"2":1,"3":21,"4":1,"5":20,"6":3,"7":19,"8":3,"9":16,"10":16,"11":1,"12":18,"13":4,"14":16,"15":0,"16":0,"17":1,"18":0,"19":0},"b":{"0":[1,21],"1":[1,20],"2":[1,19],"3":[1,18]}}
,"C:\\Users\\kumankur\\Desktop\\projects\\rickyandmortyvue\\src\\components\\CheckBox\\CheckBox.vue": {"path":"C:\\Users\\kumankur\\Desktop\\projects\\rickyandmortyvue\\src\\components\\CheckBox\\CheckBox.vue","statementMap":{"0":{"start":{"line":16,"column":0},"end":{"line":16,"column":null}},"1":{"start":{"line":17,"column":0},"end":{"line":17,"column":null}},"2":{"start":{"line":21,"column":0},"end":{"line":21,"column":null}},"3":{"start":{"line":29,"column":0},"end":{"line":29,"column":null}},"4":{"start":{"line":30,"column":0},"end":{"line":30,"column":null}},"5":{"start":{"line":35,"column":0},"end":{"line":35,"column":null}}},"fnMap":{"0":{"name":"(anonymous_1)","decl":{"start":{"line":20,"column":0},"end":{"line":20,"column":null}},"loc":{"start":{"line":20,"column":0},"end":{"line":26,"column":null}}},"1":{"name":"(anonymous_2)","decl":{"start":{"line":28,"column":0},"end":{"line":28,"column":null}},"loc":{"start":{"line":28,"column":0},"end":{"line":31,"column":null}}},"2":{"name":"(anonymous_3)","decl":{"start":{"line":34,"column":0},"end":{"line":34,"column":null}},"loc":{"start":{"line":34,"column":0},"end":{"line":36,"column":null}}}},"branchMap":{},"s":{"0":6,"1":6,"2":2,"3":1,"4":1,"5":0},"f":{"0":2,"1":1,"2":0},"b":{}}
,"C:\\Users\\kumankur\\Desktop\\projects\\rickyandmortyvue\\src\\components\\GenderView\\GenderView.vue": {"path":"C:\\Users\\kumankur\\Desktop\\projects\\rickyandmortyvue\\src\\components\\GenderView\\GenderView.vue","statementMap":{"0":{"start":{"line":16,"column":0},"end":{"line":16,"column":null}},"1":{"start":{"line":17,"column":0},"end":{"line":17,"column":null}},"2":{"start":{"line":18,"column":0},"end":{"line":18,"column":null}},"3":{"start":{"line":21,"column":0},"end":{"line":21,"column":null}},"4":{"start":{"line":34,"column":0},"end":{"line":34,"column":null}},"5":{"start":{"line":39,"column":0},"end":{"line":39,"column":null}}},"fnMap":{"0":{"name":"(anonymous_5)","decl":{"start":{"line":20,"column":0},"end":{"line":20,"column":null}},"loc":{"start":{"line":20,"column":0},"end":{"line":28,"column":null}}},"1":{"name":"(anonymous_6)","decl":{"start":{"line":33,"column":0},"end":{"line":33,"column":null}},"loc":{"start":{"line":33,"column":0},"end":{"line":35,"column":null}}},"2":{"name":"(anonymous_7)","decl":{"start":{"line":38,"column":0},"end":{"line":38,"column":null}},"loc":{"start":{"line":38,"column":0},"end":{"line":40,"column":null}}}},"branchMap":{},"s":{"0":6,"1":6,"2":6,"3":4,"4":4,"5":0},"f":{"0":4,"1":4,"2":0},"b":{}}
,"C:\\Users\\kumankur\\Desktop\\projects\\rickyandmortyvue\\src\\components\\OriginView\\OriginView.vue": {"path":"C:\\Users\\kumankur\\Desktop\\projects\\rickyandmortyvue\\src\\components\\OriginView\\OriginView.vue","statementMap":{"0":{"start":{"line":18,"column":0},"end":{"line":18,"column":null}},"1":{"start":{"line":19,"column":0},"end":{"line":19,"column":null}},"2":{"start":{"line":20,"column":0},"end":{"line":20,"column":null}},"3":{"start":{"line":23,"column":0},"end":{"line":23,"column":null}},"4":{"start":{"line":36,"column":0},"end":{"line":36,"column":null}},"5":{"start":{"line":45,"column":0},"end":{"line":45,"column":null}}},"fnMap":{"0":{"name":"(anonymous_5)","decl":{"start":{"line":22,"column":0},"end":{"line":22,"column":null}},"loc":{"start":{"line":22,"column":0},"end":{"line":30,"column":null}}},"1":{"name":"(anonymous_6)","decl":{"start":{"line":35,"column":0},"end":{"line":35,"column":null}},"loc":{"start":{"line":35,"column":0},"end":{"line":41,"column":null}}},"2":{"name":"(anonymous_7)","decl":{"start":{"line":44,"column":0},"end":{"line":44,"column":null}},"loc":{"start":{"line":44,"column":0},"end":{"line":46,"column":null}}}},"branchMap":{},"s":{"0":6,"1":6,"2":6,"3":4,"4":4,"5":0},"f":{"0":4,"1":4,"2":0},"b":{}}
}
