{"C:\\Users\\kumankur\\Desktop\\projects\\rickyandmortyvue\\src\\App.vue": {"path":"C:\\Users\\kumankur\\Desktop\\projects\\rickyandmortyvue\\src\\App.vue","statementMap":{"0":{"start":{"line":26,"column":0},"end":{"line":26,"column":null}},"1":{"start":{"line":27,"column":0},"end":{"line":27,"column":null}},"2":{"start":{"line":28,"column":0},"end":{"line":28,"column":null}},"3":{"start":{"line":29,"column":0},"end":{"line":29,"column":null}},"4":{"start":{"line":30,"column":0},"end":{"line":30,"column":null}},"5":{"start":{"line":31,"column":0},"end":{"line":31,"column":null}},"6":{"start":{"line":32,"column":0},"end":{"line":32,"column":null}},"7":{"start":{"line":35,"column":0},"end":{"line":35,"column":null}},"8":{"start":{"line":52,"column":0},"end":{"line":56,"column":null}},"9":{"start":{"line":55,"column":0},"end":{"line":55,"column":null}},"10":{"start":{"line":59,"column":0},"end":{"line":59,"column":null}},"11":{"start":{"line":62,"column":0},"end":{"line":66,"column":null}},"12":{"start":{"line":65,"column":0},"end":{"line":65,"column":null}},"13":{"start":{"line":68,"column":0},"end":{"line":68,"column":null}},"14":{"start":{"line":72,"column":0},"end":{"line":76,"column":null}},"15":{"start":{"line":75,"column":0},"end":{"line":75,"column":null}},"16":{"start":{"line":79,"column":0},"end":{"line":79,"column":null}},"17":{"start":{"line":82,"column":0},"end":{"line":86,"column":null}},"18":{"start":{"line":85,"column":0},"end":{"line":85,"column":null}},"19":{"start":{"line":88,"column":0},"end":{"line":88,"column":null}},"20":{"start":{"line":93,"column":0},"end":{"line":93,"column":null}},"21":{"start":{"line":96,"column":0},"end":{"line":96,"column":null}},"22":{"start":{"line":99,"column":0},"end":{"line":99,"column":null}},"23":{"start":{"line":102,"column":0},"end":{"line":102,"column":null}},"24":{"start":{"line":106,"column":0},"end":{"line":106,"column":null}},"25":{"start":{"line":111,"column":0},"end":{"line":111,"column":null}},"26":{"start":{"line":115,"column":0},"end":{"line":122,"column":null}},"27":{"start":{"line":115,"column":0},"end":{"line":115,"column":null}},"28":{"start":{"line":119,"column":0},"end":{"line":121,"column":null}},"29":{"start":{"line":120,"column":0},"end":{"line":120,"column":null}},"30":{"start":{"line":124,"column":0},"end":{"line":126,"column":null}},"31":{"start":{"line":125,"column":0},"end":{"line":125,"column":null}},"32":{"start":{"line":127,"column":0},"end":{"line":130,"column":null}},"33":{"start":{"line":128,"column":0},"end":{"line":128,"column":null}},"34":{"start":{"line":129,"column":0},"end":{"line":129,"column":null}},"35":{"start":{"line":131,"column":0},"end":{"line":134,"column":null}},"36":{"start":{"line":132,"column":0},"end":{"line":132,"column":null}},"37":{"start":{"line":133,"column":0},"end":{"line":133,"column":null}}},"fnMap":{"0":{"name":"(anonymous_5)","decl":{"start":{"line":34,"column":0},"end":{"line":34,"column":null}},"loc":{"start":{"line":34,"column":0},"end":{"line":43,"column":null}}},"1":{"name":"(anonymous_6)","decl":{"start":{"line":51,"column":0},"end":{"line":51,"column":null}},"loc":{"start":{"line":51,"column":0},"end":{"line":60,"column":null}}},"2":{"name":"(anonymous_7)","decl":{"start":{"line":52,"column":0},"end":{"line":52,"column":null}},"loc":{"start":{"line":52,"column":0},"end":{"line":56,"column":null}}},"3":{"name":"(anonymous_8)","decl":{"start":{"line":61,"column":0},"end":{"line":61,"column":null}},"loc":{"start":{"line":61,"column":0},"end":{"line":69,"column":null}}},"4":{"name":"(anonymous_9)","decl":{"start":{"line":62,"column":0},"end":{"line":62,"column":null}},"loc":{"start":{"line":62,"column":0},"end":{"line":66,"column":null}}},"5":{"name":"(anonymous_10)","decl":{"start":{"line":71,"column":0},"end":{"line":71,"column":null}},"loc":{"start":{"line":71,"column":0},"end":{"line":80,"column":null}}},"6":{"name":"(anonymous_11)","decl":{"start":{"line":72,"column":0},"end":{"line":72,"column":null}},"loc":{"start":{"line":72,"column":0},"end":{"line":76,"column":null}}},"7":{"name":"(anonymous_12)","decl":{"start":{"line":81,"column":0},"end":{"line":81,"column":null}},"loc":{"start":{"line":81,"column":0},"end":{"line":89,"column":null}}},"8":{"name":"(anonymous_13)","decl":{"start":{"line":82,"column":0},"end":{"line":82,"column":null}},"loc":{"start":{"line":82,"column":0},"end":{"line":86,"column":null}}},"9":{"name":"(anonymous_14)","decl":{"start":{"line":92,"column":0},"end":{"line":92,"column":null}},"loc":{"start":{"line":92,"column":0},"end":{"line":94,"column":null}}},"10":{"name":"(anonymous_15)","decl":{"start":{"line":95,"column":0},"end":{"line":95,"column":null}},"loc":{"start":{"line":95,"column":0},"end":{"line":97,"column":null}}},"11":{"name":"(anonymous_16)","decl":{"start":{"line":98,"column":0},"end":{"line":98,"column":null}},"loc":{"start":{"line":98,"column":0},"end":{"line":100,"column":null}}},"12":{"name":"(anonymous_17)","decl":{"start":{"line":101,"column":0},"end":{"line":101,"column":null}},"loc":{"start":{"line":101,"column":0},"end":{"line":107,"column":null}}},"13":{"name":"(anonymous_18)","decl":{"start":{"line":110,"column":0},"end":{"line":110,"column":null}},"loc":{"start":{"line":110,"column":0},"end":{"line":112,"column":null}}},"14":{"name":"(anonymous_19)","decl":{"start":{"line":114,"column":0},"end":{"line":114,"column":null}},"loc":{"start":{"line":114,"column":0},"end":{"line":135,"column":null}}},"15":{"name":"(anonymous_20)","decl":{"start":{"line":115,"column":0},"end":{"line":115,"column":null}},"loc":{"start":{"line":115,"column":0},"end":{"line":115,"column":null}}},"16":{"name":"(anonymous_22)","decl":{"start":{"line":119,"column":0},"end":{"line":119,"column":null}},"loc":{"start":{"line":119,"column":0},"end":{"line":121,"column":null}}},"17":{"name":"(anonymous_23)","decl":{"start":{"line":124,"column":0},"end":{"line":124,"column":null}},"loc":{"start":{"line":124,"column":0},"end":{"line":126,"column":null}}},"18":{"name":"(anonymous_24)","decl":{"start":{"line":127,"column":0},"end":{"line":127,"column":null}},"loc":{"start":{"line":127,"column":0},"end":{"line":130,"column":null}}},"19":{"name":"(anonymous_25)","decl":{"start":{"line":131,"column":0},"end":{"line":131,"column":null}},"loc":{"start":{"line":131,"column":0},"end":{"line":134,"column":null}}}},"branchMap":{"0":{"loc":{"start":{"line":52,"column":0},"end":{"line":56,"column":null}},"type":"cond-expr","locations":[{"start":{"line":52,"column":0},"end":{"line":56,"column":null}},{"start":{"line":56,"column":0},"end":{"line":56,"column":null}}]},"1":{"loc":{"start":{"line":62,"column":0},"end":{"line":66,"column":null}},"type":"cond-expr","locations":[{"start":{"line":62,"column":0},"end":{"line":66,"column":null}},{"start":{"line":66,"column":0},"end":{"line":66,"column":null}}]},"2":{"loc":{"start":{"line":72,"column":0},"end":{"line":76,"column":null}},"type":"cond-expr","locations":[{"start":{"line":72,"column":0},"end":{"line":76,"column":null}},{"start":{"line":76,"column":0},"end":{"line":76,"column":null}}]},"3":{"loc":{"start":{"line":82,"column":0},"end":{"line":86,"column":null}},"type":"cond-expr","locations":[{"start":{"line":82,"column":0},"end":{"line":86,"column":null}},{"start":{"line":86,"column":0},"end":{"line":86,"column":null}}]}},"s":{"0":4,"1":4,"2":4,"3":4,"4":4,"5":4,"6":4,"7":14,"8":22,"9":1,"10":22,"11":21,"12":1,"13":21,"14":20,"15":3,"16":20,"17":19,"18":3,"19":19,"20":16,"21":16,"22":1,"23":18,"24":18,"25":4,"26":14,"27":0,"28":0,"29":0,"30":14,"31":1,"32":14,"33":0,"34":0,"35":14,"36":0,"37":0},"f":{"0":14,"1":22,"2":1,"3":21,"4":1,"5":20,"6":3,"7":19,"8":3,"9":16,"10":16,"11":1,"12":18,"13":4,"14":14,"15":0,"16":0,"17":1,"18":0,"19":0},"b":{"0":[1,21],"1":[1,20],"2":[1,19],"3":[1,18]}}
,"C:\\Users\\kumankur\\Desktop\\projects\\rickyandmortyvue\\src\\main.js": {"path":"C:\\Users\\kumankur\\Desktop\\projects\\rickyandmortyvue\\src\\main.js","statementMap":{"0":{"start":{"line":6,"column":24},"end":{"line":6,"column":33}},"1":{"start":{"line":7,"column":0},"end":{"line":7,"column":21}},"2":{"start":{"line":9,"column":0},"end":{"line":9,"column":24}},"3":{"start":{"line":11,"column":12},"end":{"line":11,"column":56}},"4":{"start":{"line":13,"column":0},"end":{"line":13,"column":28}},"5":{"start":{"line":15,"column":0},"end":{"line":19,"column":2}},"6":{"start":{"line":18,"column":15},"end":{"line":18,"column":21}}},"fnMap":{"0":{"name":"(anonymous_0)","decl":{"start":{"line":18,"column":10},"end":{"line":18,"column":11}},"loc":{"start":{"line":18,"column":15},"end":{"line":18,"column":21}},"line":18}},"branchMap":{},"s":{"0":4,"1":4,"2":4,"3":4,"4":4,"5":4,"6":4},"f":{"0":4},"b":{},"_coverageSchema":"1a1c01bbd47fc00a2c39e90264f33305004495a9","hash":"8d6189fabd84d66f85387db85ae80d786a87f064"}
,"C:\\Users\\kumankur\\Desktop\\projects\\rickyandmortyvue\\src\\components\\Accordion\\Accordion.vue": {"path":"C:\\Users\\kumankur\\Desktop\\projects\\rickyandmortyvue\\src\\components\\Accordion\\Accordion.vue","statementMap":{"0":{"start":{"line":17,"column":0},"end":{"line":17,"column":null}},"1":{"start":{"line":18,"column":0},"end":{"line":18,"column":null}},"2":{"start":{"line":19,"column":0},"end":{"line":19,"column":null}},"3":{"start":{"line":24,"column":0},"end":{"line":24,"column":null}},"4":{"start":{"line":30,"column":0},"end":{"line":30,"column":null}},"5":{"start":{"line":35,"column":0},"end":{"line":35,"column":null}}},"fnMap":{"0":{"name":"(anonymous_2)","decl":{"start":{"line":23,"column":0},"end":{"line":23,"column":null}},"loc":{"start":{"line":23,"column":0},"end":{"line":27,"column":null}}},"1":{"name":"(anonymous_3)","decl":{"start":{"line":29,"column":0},"end":{"line":29,"column":null}},"loc":{"start":{"line":29,"column":0},"end":{"line":31,"column":null}}},"2":{"name":"(anonymous_4)","decl":{"start":{"line":34,"column":0},"end":{"line":34,"column":null}},"loc":{"start":{"line":34,"column":0},"end":{"line":40,"column":null}}}},"branchMap":{},"s":{"0":4,"1":4,"2":4,"3":3,"4":0,"5":3},"f":{"0":3,"1":0,"2":3},"b":{}}
,"C:\\Users\\kumankur\\Desktop\\projects\\rickyandmortyvue\\src\\components\\CheckBox\\CheckBox.vue": {"path":"C:\\Users\\kumankur\\Desktop\\projects\\rickyandmortyvue\\src\\components\\CheckBox\\CheckBox.vue","statementMap":{"0":{"start":{"line":16,"column":0},"end":{"line":16,"column":null}},"1":{"start":{"line":17,"column":0},"end":{"line":17,"column":null}},"2":{"start":{"line":21,"column":0},"end":{"line":21,"column":null}},"3":{"start":{"line":29,"column":0},"end":{"line":29,"column":null}},"4":{"start":{"line":30,"column":0},"end":{"line":30,"column":null}},"5":{"start":{"line":35,"column":0},"end":{"line":35,"column":null}}},"fnMap":{"0":{"name":"(anonymous_1)","decl":{"start":{"line":20,"column":0},"end":{"line":20,"column":null}},"loc":{"start":{"line":20,"column":0},"end":{"line":26,"column":null}}},"1":{"name":"(anonymous_2)","decl":{"start":{"line":28,"column":0},"end":{"line":28,"column":null}},"loc":{"start":{"line":28,"column":0},"end":{"line":31,"column":null}}},"2":{"name":"(anonymous_3)","decl":{"start":{"line":34,"column":0},"end":{"line":34,"column":null}},"loc":{"start":{"line":34,"column":0},"end":{"line":36,"column":null}}}},"branchMap":{},"s":{"0":4,"1":4,"2":2,"3":1,"4":1,"5":0},"f":{"0":2,"1":1,"2":0},"b":{}}
,"C:\\Users\\kumankur\\Desktop\\projects\\rickyandmortyvue\\src\\components\\ListItems\\ListItem.vue": {"path":"C:\\Users\\kumankur\\Desktop\\projects\\rickyandmortyvue\\src\\components\\ListItems\\ListItem.vue","statementMap":{"0":{"start":{"line":41,"column":0},"end":{"line":41,"column":null}},"1":{"start":{"line":42,"column":0},"end":{"line":42,"column":null}},"2":{"start":{"line":46,"column":0},"end":{"line":46,"column":null}},"3":{"start":{"line":56,"column":0},"end":{"line":56,"column":null}},"4":{"start":{"line":61,"column":0},"end":{"line":61,"column":null}}},"fnMap":{"0":{"name":"(anonymous_4)","decl":{"start":{"line":45,"column":0},"end":{"line":45,"column":null}},"loc":{"start":{"line":45,"column":0},"end":{"line":53,"column":null}}},"1":{"name":"(anonymous_5)","decl":{"start":{"line":55,"column":0},"end":{"line":55,"column":null}},"loc":{"start":{"line":55,"column":0},"end":{"line":57,"column":null}}},"2":{"name":"(anonymous_6)","decl":{"start":{"line":60,"column":0},"end":{"line":60,"column":null}},"loc":{"start":{"line":60,"column":0},"end":{"line":62,"column":null}}}},"branchMap":{},"s":{"0":5,"1":5,"2":1,"3":0,"4":1},"f":{"0":1,"1":0,"2":1},"b":{}}
,"C:\\Users\\kumankur\\Desktop\\projects\\rickyandmortyvue\\src\\components\\SpeciesView\\SpeciesView.vue": {"path":"C:\\Users\\kumankur\\Desktop\\projects\\rickyandmortyvue\\src\\components\\SpeciesView\\SpeciesView.vue","statementMap":{"0":{"start":{"line":16,"column":0},"end":{"line":16,"column":null}},"1":{"start":{"line":17,"column":0},"end":{"line":17,"column":null}},"2":{"start":{"line":18,"column":0},"end":{"line":18,"column":null}},"3":{"start":{"line":22,"column":0},"end":{"line":22,"column":null}},"4":{"start":{"line":35,"column":0},"end":{"line":35,"column":null}},"5":{"start":{"line":40,"column":0},"end":{"line":40,"column":null}}},"fnMap":{"0":{"name":"(anonymous_5)","decl":{"start":{"line":21,"column":0},"end":{"line":21,"column":null}},"loc":{"start":{"line":21,"column":0},"end":{"line":29,"column":null}}},"1":{"name":"(anonymous_6)","decl":{"start":{"line":34,"column":0},"end":{"line":34,"column":null}},"loc":{"start":{"line":34,"column":0},"end":{"line":36,"column":null}}},"2":{"name":"(anonymous_7)","decl":{"start":{"line":39,"column":0},"end":{"line":39,"column":null}},"loc":{"start":{"line":39,"column":0},"end":{"line":41,"column":null}}}},"branchMap":{},"s":{"0":4,"1":4,"2":4,"3":2,"4":2,"5":0},"f":{"0":2,"1":2,"2":0},"b":{}}
,"C:\\Users\\kumankur\\Desktop\\projects\\rickyandmortyvue\\src\\constants\\index.js": {"path":"C:\\Users\\kumankur\\Desktop\\projects\\rickyandmortyvue\\src\\constants\\index.js","statementMap":{"0":{"start":{"line":2,"column":28},"end":{"line":2,"column":72}},"1":{"start":{"line":3,"column":41},"end":{"line":3,"column":63}},"2":{"start":{"line":6,"column":27},"end":{"line":6,"column":48}},"3":{"start":{"line":7,"column":30},"end":{"line":7,"column":58}},"4":{"start":{"line":10,"column":29},"end":{"line":10,"column":45}},"5":{"start":{"line":11,"column":22},"end":{"line":11,"column":30}},"6":{"start":{"line":14,"column":29},"end":{"line":14,"column":45}},"7":{"start":{"line":15,"column":22},"end":{"line":15,"column":30}},"8":{"start":{"line":18,"column":30},"end":{"line":18,"column":47}},"9":{"start":{"line":19,"column":23},"end":{"line":19,"column":32}},"10":{"start":{"line":22,"column":20},"end":{"line":22,"column":26}},"11":{"start":{"line":25,"column":35},"end":{"line":25,"column":51}},"12":{"start":{"line":26,"column":36},"end":{"line":26,"column":53}},"13":{"start":{"line":29,"column":27},"end":{"line":29,"column":35}},"14":{"start":{"line":30,"column":28},"end":{"line":30,"column":37}},"15":{"start":{"line":31,"column":27},"end":{"line":31,"column":35}},"16":{"start":{"line":32,"column":27},"end":{"line":32,"column":35}},"17":{"start":{"line":33,"column":29},"end":{"line":33,"column":39}},"18":{"start":{"line":36,"column":30},"end":{"line":36,"column":66}},"19":{"start":{"line":37,"column":34},"end":{"line":37,"column":62}},"20":{"start":{"line":38,"column":27},"end":{"line":38,"column":57}}},"fnMap":{},"branchMap":{},"s":{"0":5,"1":5,"2":5,"3":5,"4":5,"5":5,"6":5,"7":5,"8":5,"9":5,"10":5,"11":5,"12":5,"13":5,"14":5,"15":5,"16":5,"17":5,"18":5,"19":5,"20":5},"f":{},"b":{},"_coverageSchema":"1a1c01bbd47fc00a2c39e90264f33305004495a9","hash":"51b9919980e760740b1cc0da41a12665443f3983"}
}
