TN:
SF:src\App.vue
FN:34,(anonymous_5)
FN:51,(anonymous_6)
FN:52,(anonymous_7)
FN:61,(anonymous_8)
FN:62,(anonymous_9)
FN:71,(anonymous_10)
FN:72,(anonymous_11)
FN:81,(anonymous_12)
FN:82,(anonymous_13)
FN:92,(anonymous_14)
FN:95,(anonymous_15)
FN:98,(anonymous_16)
FN:101,(anonymous_17)
FN:110,(anonymous_18)
FN:114,(anonymous_19)
FN:115,(anonymous_20)
FN:119,(anonymous_22)
FN:124,(anonymous_23)
FN:127,(anonymous_24)
FN:131,(anonymous_25)
FNF:20
FNH:16
FNDA:14,(anonymous_5)
FNDA:22,(anonymous_6)
FNDA:1,(anonymous_7)
FNDA:21,(anonymous_8)
FNDA:1,(anonymous_9)
FNDA:20,(anonymous_10)
FNDA:3,(anonymous_11)
FNDA:19,(anonymous_12)
FNDA:3,(anonymous_13)
FNDA:16,(anonymous_14)
FNDA:16,(anonymous_15)
FNDA:1,(anonymous_16)
FNDA:18,(anonymous_17)
FNDA:4,(anonymous_18)
FNDA:14,(anonymous_19)
FNDA:0,(anonymous_20)
FNDA:0,(anonymous_22)
FNDA:1,(anonymous_23)
FNDA:0,(anonymous_24)
FNDA:0,(anonymous_25)
DA:26,4
DA:27,4
DA:28,4
DA:29,4
DA:30,4
DA:31,4
DA:32,4
DA:35,14
DA:52,22
DA:55,1
DA:59,22
DA:62,21
DA:65,1
DA:68,21
DA:72,20
DA:75,3
DA:79,20
DA:82,19
DA:85,3
DA:88,19
DA:93,16
DA:96,16
DA:99,1
DA:102,18
DA:106,18
DA:111,4
DA:115,14
DA:119,0
DA:120,0
DA:124,14
DA:125,1
DA:127,14
DA:128,0
DA:129,0
DA:131,14
DA:132,0
DA:133,0
LF:37
LH:31
BRDA:52,0,0,1
BRDA:52,0,1,21
BRDA:62,1,0,1
BRDA:62,1,1,20
BRDA:72,2,0,1
BRDA:72,2,1,19
BRDA:82,3,0,1
BRDA:82,3,1,18
BRF:8
BRH:8
end_of_record
TN:
SF:src\main.js
FN:18,(anonymous_0)
FNF:1
FNH:1
FNDA:4,(anonymous_0)
DA:6,4
DA:7,4
DA:9,4
DA:11,4
DA:13,4
DA:15,4
DA:18,4
LF:7
LH:7
BRF:0
BRH:0
end_of_record
TN:
SF:src\components\Accordion\Accordion.vue
FN:23,(anonymous_2)
FN:29,(anonymous_3)
FN:34,(anonymous_4)
FNF:3
FNH:2
FNDA:3,(anonymous_2)
FNDA:0,(anonymous_3)
FNDA:3,(anonymous_4)
DA:17,4
DA:18,4
DA:19,4
DA:24,3
DA:30,0
DA:35,3
LF:6
LH:5
BRF:0
BRH:0
end_of_record
TN:
SF:src\components\CheckBox\CheckBox.vue
FN:20,(anonymous_1)
FN:28,(anonymous_2)
FN:34,(anonymous_3)
FNF:3
FNH:2
FNDA:2,(anonymous_1)
FNDA:1,(anonymous_2)
FNDA:0,(anonymous_3)
DA:16,4
DA:17,4
DA:21,2
DA:29,1
DA:30,1
DA:35,0
LF:6
LH:5
BRF:0
BRH:0
end_of_record
TN:
SF:src\components\ListItems\ListItem.vue
FN:45,(anonymous_4)
FN:55,(anonymous_5)
FN:60,(anonymous_6)
FNF:3
FNH:2
FNDA:1,(anonymous_4)
FNDA:0,(anonymous_5)
FNDA:1,(anonymous_6)
DA:41,5
DA:42,5
DA:46,1
DA:56,0
DA:61,1
LF:5
LH:4
BRF:0
BRH:0
end_of_record
TN:
SF:src\components\SpeciesView\SpeciesView.vue
FN:21,(anonymous_5)
FN:34,(anonymous_6)
FN:39,(anonymous_7)
FNF:3
FNH:2
FNDA:2,(anonymous_5)
FNDA:2,(anonymous_6)
FNDA:0,(anonymous_7)
DA:16,4
DA:17,4
DA:18,4
DA:22,2
DA:35,2
DA:40,0
LF:6
LH:5
BRF:0
BRH:0
end_of_record
TN:
SF:src\constants\index.js
FNF:0
FNH:0
DA:2,5
DA:3,5
DA:6,5
DA:7,5
DA:10,5
DA:11,5
DA:14,5
DA:15,5
DA:18,5
DA:19,5
DA:22,5
DA:25,5
DA:26,5
DA:29,5
DA:30,5
DA:31,5
DA:32,5
DA:33,5
DA:36,5
DA:37,5
DA:38,5
LF:21
LH:21
BRF:0
BRH:0
end_of_record
