TN:
SF:src\App.vue
FN:34,(anonymous_5)
FN:51,(anonymous_6)
FN:52,(anonymous_7)
FN:61,(anonymous_8)
FN:62,(anonymous_9)
FN:71,(anonymous_10)
FN:72,(anonymous_11)
FN:81,(anonymous_12)
FN:82,(anonymous_13)
FN:92,(anonymous_14)
FN:95,(anonymous_15)
FN:98,(anonymous_16)
FN:101,(anonymous_17)
FN:110,(anonymous_18)
FN:114,(anonymous_19)
FN:115,(anonymous_20)
FN:119,(anonymous_22)
FN:124,(anonymous_23)
FN:127,(anonymous_24)
FN:131,(anonymous_25)
FNF:20
FNH:15
FNDA:11,(anonymous_5)
FNDA:18,(anonymous_6)
FNDA:1,(anonymous_7)
FNDA:17,(anonymous_8)
FNDA:1,(anonymous_9)
FNDA:16,(anonymous_10)
FNDA:3,(anonymous_11)
FNDA:15,(anonymous_12)
FNDA:3,(anonymous_13)
FNDA:12,(anonymous_14)
FNDA:12,(anonymous_15)
FNDA:1,(anonymous_16)
FNDA:14,(anonymous_17)
FNDA:4,(anonymous_18)
FNDA:11,(anonymous_19)
FNDA:0,(anonymous_20)
FNDA:0,(anonymous_22)
FNDA:0,(anonymous_23)
FNDA:0,(anonymous_24)
FNDA:0,(anonymous_25)
DA:26,2
DA:27,2
DA:28,2
DA:29,2
DA:30,2
DA:31,2
DA:32,2
DA:35,11
DA:52,18
DA:55,1
DA:59,18
DA:62,17
DA:65,1
DA:68,17
DA:72,16
DA:75,3
DA:79,16
DA:82,15
DA:85,3
DA:88,15
DA:93,12
DA:96,12
DA:99,1
DA:102,14
DA:106,14
DA:111,4
DA:115,11
DA:119,0
DA:120,0
DA:124,11
DA:125,0
DA:127,11
DA:128,0
DA:129,0
DA:131,11
DA:132,0
DA:133,0
LF:37
LH:30
BRDA:52,0,0,1
BRDA:52,0,1,17
BRDA:62,1,0,1
BRDA:62,1,1,16
BRDA:72,2,0,1
BRDA:72,2,1,15
BRDA:82,3,0,1
BRDA:82,3,1,14
BRF:8
BRH:8
end_of_record
TN:
SF:src\main.js
FN:16,(anonymous_0)
FNF:1
FNH:1
FNDA:2,(anonymous_0)
DA:6,2
DA:7,2
DA:9,2
DA:11,2
DA:13,2
DA:16,2
LF:6
LH:6
BRF:0
BRH:0
end_of_record
TN:
SF:src\components\Accordion\Accordion.vue
FN:23,(anonymous_2)
FN:29,(anonymous_3)
FN:34,(anonymous_4)
FNF:3
FNH:2
FNDA:1,(anonymous_2)
FNDA:0,(anonymous_3)
FNDA:1,(anonymous_4)
DA:17,2
DA:18,2
DA:19,2
DA:24,1
DA:30,0
DA:35,1
LF:6
LH:5
BRF:0
BRH:0
end_of_record
TN:
SF:src\components\CheckBox\CheckBox.vue
FN:20,(anonymous_1)
FN:28,(anonymous_2)
FN:34,(anonymous_3)
FNF:3
FNH:0
FNDA:0,(anonymous_1)
FNDA:0,(anonymous_2)
FNDA:0,(anonymous_3)
DA:16,2
DA:17,2
DA:21,0
DA:29,0
DA:30,0
DA:35,0
LF:6
LH:2
BRF:0
BRH:0
end_of_record
TN:
SF:src\components\GenderView\GenderView.vue
FN:22,(anonymous_5)
FN:37,(anonymous_6)
FN:42,(anonymous_7)
FNF:3
FNH:2
FNDA:1,(anonymous_5)
FNDA:1,(anonymous_6)
FNDA:0,(anonymous_7)
DA:18,2
DA:19,2
DA:20,2
DA:23,1
DA:38,1
DA:43,0
LF:6
LH:5
BRF:0
BRH:0
end_of_record
TN:
SF:src\components\ListItems\ListItem.vue
FN:45,(anonymous_4)
FN:55,(anonymous_5)
FN:60,(anonymous_6)
FNF:3
FNH:0
FNDA:0,(anonymous_4)
FNDA:0,(anonymous_5)
FNDA:0,(anonymous_6)
DA:41,2
DA:42,2
DA:46,0
DA:56,0
DA:61,0
LF:5
LH:2
BRF:0
BRH:0
end_of_record
TN:
SF:src\components\ListItems\ListItems.vue
FN:16,(anonymous_2)
FN:22,(anonymous_3)
FNF:2
FNH:0
FNDA:0,(anonymous_2)
FNDA:0,(anonymous_3)
DA:13,2
DA:17,0
DA:23,0
DA:24,0
LF:4
LH:1
BRDA:23,0,0,0
BRDA:23,0,1,0
BRF:2
BRH:0
end_of_record
TN:
SF:src\components\OriginView\OriginView.vue
FN:22,(anonymous_5)
FN:37,(anonymous_6)
FN:46,(anonymous_7)
FNF:3
FNH:2
FNDA:1,(anonymous_5)
FNDA:1,(anonymous_6)
FNDA:0,(anonymous_7)
DA:18,2
DA:19,2
DA:20,2
DA:23,1
DA:38,1
DA:47,0
LF:6
LH:5
BRF:0
BRH:0
end_of_record
TN:
SF:src\components\SearchView\SearchView.vue
FN:21,(anonymous_4)
FN:28,(anonymous_5)
FNF:2
FNH:1
FNDA:1,(anonymous_4)
FNDA:0,(anonymous_5)
DA:18,2
DA:19,2
DA:22,1
DA:29,0
DA:30,0
LF:5
LH:3
BRF:0
BRH:0
end_of_record
TN:
SF:src\components\SortButton\SortButton.vue
FN:22,(anonymous_4)
FN:29,(anonymous_5)
FN:33,(anonymous_6)
FNF:3
FNH:1
FNDA:1,(anonymous_4)
FNDA:0,(anonymous_5)
FNDA:0,(anonymous_6)
DA:19,2
DA:20,2
DA:23,1
DA:30,0
DA:31,0
DA:34,0
DA:35,0
LF:7
LH:3
BRF:0
BRH:0
end_of_record
TN:
SF:src\components\SpeciesView\SpeciesView.vue
FN:22,(anonymous_5)
FN:35,(anonymous_6)
FN:40,(anonymous_7)
FNF:3
FNH:2
FNDA:1,(anonymous_5)
FNDA:1,(anonymous_6)
FNDA:0,(anonymous_7)
DA:18,2
DA:19,2
DA:20,2
DA:23,1
DA:36,1
DA:41,0
LF:6
LH:5
BRF:0
BRH:0
end_of_record
TN:
SF:src\constants\index.js
FNF:0
FNH:0
DA:2,2
DA:3,2
DA:6,2
DA:7,2
DA:10,2
DA:11,2
DA:14,2
DA:15,2
DA:18,2
DA:19,2
DA:22,2
DA:25,2
DA:26,2
DA:29,2
DA:30,2
DA:31,2
DA:32,2
DA:33,2
DA:36,2
DA:37,2
DA:38,2
LF:21
LH:21
BRF:0
BRH:0
end_of_record
TN:
SF:src\store\actions.js
FN:1,(anonymous_0)
FN:5,(anonymous_1)
FN:9,(anonymous_2)
FNF:3
FNH:0
FNDA:0,(anonymous_0)
FNDA:0,(anonymous_1)
FNDA:0,(anonymous_2)
DA:1,2
DA:2,0
DA:5,2
DA:6,0
DA:9,2
DA:10,0
LF:6
LH:3
BRF:0
BRH:0
end_of_record
TN:
SF:src\store\getters.js
FN:1,(anonymous_0)
FNF:1
FNH:1
FNDA:1,(anonymous_0)
DA:1,2
LF:1
LH:1
BRF:0
BRH:0
end_of_record
TN:
SF:src\store\mutations.js
FN:1,(anonymous_0)
FN:3,(anonymous_1)
FN:3,(anonymous_2)
FN:5,(anonymous_3)
FN:5,(anonymous_4)
FNF:5
FNH:0
FNDA:0,(anonymous_0)
FNDA:0,(anonymous_1)
FNDA:0,(anonymous_2)
FNDA:0,(anonymous_3)
FNDA:0,(anonymous_4)
DA:1,2
DA:3,2
DA:5,2
LF:3
LH:3
BRF:0
BRH:0
end_of_record
TN:
SF:src\store\store.js
FNF:0
FNH:0
DA:11,2
DA:13,2
LF:2
LH:2
BRF:0
BRH:0
end_of_record
TN:
SF:src\store\modules\gender.js
FN:6,(anonymous_0)
FN:12,(anonymous_1)
FN:16,(anonymous_2)
FN:23,(anonymous_3)
FN:26,(anonymous_4)
FNF:5
FNH:5
FNDA:2,(anonymous_0)
FNDA:1,(anonymous_1)
FNDA:1,(anonymous_2)
FNDA:1,(anonymous_3)
FNDA:1,(anonymous_4)
DA:1,2
DA:5,2
DA:7,2
DA:11,2
DA:13,1
DA:17,1
DA:18,1
DA:22,2
DA:24,1
DA:27,1
LF:10
LH:10
BRF:0
BRH:0
end_of_record
TN:
SF:src\store\modules\origin.js
FN:6,(anonymous_0)
FN:12,(anonymous_1)
FN:16,(anonymous_2)
FN:23,(anonymous_3)
FN:26,(anonymous_4)
FNF:5
FNH:5
FNDA:2,(anonymous_0)
FNDA:1,(anonymous_1)
FNDA:1,(anonymous_2)
FNDA:1,(anonymous_3)
FNDA:1,(anonymous_4)
DA:1,2
DA:5,2
DA:7,2
DA:11,2
DA:13,1
DA:17,1
DA:18,1
DA:22,2
DA:24,1
DA:27,1
LF:10
LH:10
BRF:0
BRH:0
end_of_record
TN:
SF:src\store\modules\search.js
FN:6,(anonymous_0)
FN:12,(anonymous_1)
FN:18,(anonymous_2)
FNF:3
FNH:1
FNDA:1,(anonymous_0)
FNDA:0,(anonymous_1)
FNDA:0,(anonymous_2)
DA:1,2
DA:5,2
DA:7,1
DA:11,2
DA:13,0
DA:17,2
DA:19,0
LF:7
LH:5
BRF:0
BRH:0
end_of_record
TN:
SF:src\store\modules\species.js
FN:6,(anonymous_0)
FN:12,(anonymous_1)
FN:16,(anonymous_2)
FN:23,(anonymous_3)
FN:26,(anonymous_4)
FNF:5
FNH:1
FNDA:1,(anonymous_0)
FNDA:0,(anonymous_1)
FNDA:0,(anonymous_2)
FNDA:0,(anonymous_3)
FNDA:0,(anonymous_4)
DA:1,2
DA:5,2
DA:7,1
DA:11,2
DA:13,0
DA:17,0
DA:18,0
DA:22,2
DA:24,0
DA:27,0
LF:10
LH:5
BRF:0
BRH:0
end_of_record
TN:
SF:src\utils\index.js
FN:6,(anonymous_0)
FN:19,(anonymous_1)
FN:21,(anonymous_2)
FN:35,(anonymous_3)
FNF:4
FNH:4
FNDA:1,(anonymous_0)
FNDA:4,(anonymous_1)
FNDA:3,(anonymous_2)
FNDA:8,(anonymous_3)
DA:6,3
DA:7,1
DA:8,1
DA:9,1
DA:19,3
DA:20,4
DA:21,4
DA:22,3
DA:23,3
DA:26,4
DA:35,3
DA:36,8
DA:37,4
DA:38,1
DA:39,1
DA:40,3
DA:41,1
DA:42,1
DA:43,2
DA:44,1
DA:45,1
DA:47,1
DA:50,4
DA:51,1
DA:52,1
DA:53,3
DA:54,1
DA:55,1
DA:56,2
DA:57,1
DA:58,1
DA:60,1
LF:32
LH:32
BRDA:19,0,0,3
BRDA:22,1,0,3
BRDA:22,1,1,3
BRDA:22,2,0,0
BRDA:22,2,1,3
BRDA:36,3,0,4
BRDA:36,3,1,4
BRDA:37,4,0,1
BRDA:37,4,1,3
BRDA:40,5,0,1
BRDA:40,5,1,2
BRDA:43,6,0,1
BRDA:43,6,1,1
BRDA:50,7,0,1
BRDA:50,7,1,3
BRDA:53,8,0,1
BRDA:53,8,1,2
BRDA:56,9,0,1
BRDA:56,9,1,1
BRF:19
BRH:18
end_of_record
